SF:lib/main.dart
DA:12,4
DA:13,4
DA:17,4
DA:19,4
DA:21,4
DA:23,4
DA:24,4
DA:27,4
DA:28,1
DA:29,0
DA:30,0
DA:31,1
DA:32,1
DA:33,2
LF:14
LH:12
end_of_record
SF:lib/views/components/navigation_drawer.dart
DA:6,16
DA:8,3
DA:10,3
DA:11,3
DA:12,3
DA:13,3
DA:15,3
DA:17,12
DA:21,3
DA:22,3
DA:25,3
DA:26,3
DA:30,1
DA:31,1
DA:33,3
DA:37,1
DA:38,1
DA:41,3
DA:45,1
DA:46,1
DA:48,3
DA:52,2
DA:53,2
LF:23
LH:23
end_of_record
SF:lib/helpers/database.dart
DA:11,4
DA:12,12
DA:15,4
DA:16,8
DA:18,4
DA:19,12
DA:20,8
DA:21,4
DA:24,4
DA:26,8
DA:27,4
DA:30,0
DA:31,0
DA:32,0
DA:35,0
DA:36,0
DA:38,0
DA:39,0
DA:40,0
DA:43,0
DA:46,4
DA:47,8
DA:49,8
DA:51,4
DA:52,4
DA:53,0
DA:58,0
DA:59,0
DA:60,0
DA:61,0
DA:64,0
DA:65,0
DA:66,0
DA:67,0
LF:34
LH:16
end_of_record
SF:lib/models/light_strip.dart
DA:10,0
DA:17,0
DA:18,0
DA:19,0
DA:20,0
DA:21,0
DA:22,0
DA:23,0
DA:26,0
DA:27,0
DA:28,0
DA:29,0
DA:30,0
DA:31,0
DA:32,0
LF:15
LH:0
end_of_record
SF:lib/helpers/mqtt.dart
DA:11,0
DA:13,0
DA:16,0
DA:17,0
DA:24,0
DA:26,0
DA:28,0
DA:29,0
DA:30,0
DA:31,0
DA:33,0
DA:35,0
DA:43,0
DA:44,0
DA:50,0
DA:53,0
DA:55,0
DA:56,0
DA:57,0
DA:62,0
DA:63,0
DA:66,0
DA:67,0
DA:74,0
DA:75,0
DA:76,0
DA:77,0
DA:78,0
DA:81,0
DA:82,0
DA:83,0
DA:84,0
DA:88,0
DA:92,0
DA:93,0
DA:95,0
DA:96,0
DA:97,0
DA:103,0
DA:104,0
DA:105,0
DA:106,0
DA:107,0
DA:110,0
DA:111,0
DA:112,0
DA:113,0
DA:114,0
DA:115,0
DA:119,0
LF:50
LH:0
end_of_record
SF:lib/helpers/utils.dart
DA:5,0
DA:6,0
DA:10,0
DA:11,0
DA:12,0
DA:13,0
DA:14,0
DA:15,0
LF:8
LH:0
end_of_record
SF:lib/views/pages/light_add_page.dart
DA:8,4
DA:10,0
DA:11,0
DA:17,0
DA:19,0
DA:20,0
DA:23,0
DA:24,0
DA:25,0
LF:9
LH:1
end_of_record
SF:lib/views/pages/light_edit_page.dart
DA:9,4
DA:11,0
DA:12,0
DA:16,0
DA:18,0
DA:19,0
DA:21,0
DA:22,0
DA:23,0
DA:25,0
DA:27,0
DA:29,0
DA:30,0
LF:13
LH:1
end_of_record
SF:lib/views/pages/about_page.dart
DA:6,4
DA:8,2
DA:9,2
DA:13,2
DA:15,2
DA:16,2
LF:6
LH:6
end_of_record
SF:lib/views/pages/light_list_page.dart
DA:12,4
DA:14,4
DA:15,4
DA:23,4
DA:25,4
DA:26,4
DA:29,4
DA:30,8
DA:31,4
DA:33,4
DA:34,0
DA:35,0
DA:40,4
DA:42,4
DA:43,8
DA:44,4
DA:45,0
DA:47,0
DA:50,4
DA:65,4
DA:66,4
DA:69,4
DA:70,0
DA:71,0
DA:72,0
DA:73,0
DA:74,0
DA:77,0
DA:78,0
DA:79,0
DA:80,0
DA:81,0
DA:82,0
DA:84,0
DA:94,0
DA:96,0
DA:97,0
DA:99,0
DA:100,0
DA:101,0
DA:102,0
DA:103,0
DA:104,0
DA:105,0
DA:108,0
DA:109,0
DA:110,0
DA:118,0
DA:120,0
DA:122,0
DA:123,0
DA:124,0
DA:125,0
DA:127,0
LF:54
LH:18
end_of_record
SF:lib/views/pages/settings_page.dart
DA:9,4
DA:11,1
DA:12,1
DA:18,1
DA:20,1
DA:21,1
DA:24,1
DA:25,2
DA:28,1
DA:29,0
LF:10
LH:9
end_of_record
SF:lib/views/pages/smart_hub_list_page.dart
DA:6,4
DA:8,1
DA:9,1
DA:13,1
DA:15,1
DA:16,1
LF:6
LH:6
end_of_record
SF:lib/views/components/form_with_submit_trigger.dart
DA:5,1
DA:6,1
DA:10,0
DA:11,0
DA:20,1
DA:22,1
DA:24,4
DA:27,0
DA:29,0
DA:31,0
DA:32,0
DA:33,0
DA:34,0
DA:38,1
DA:40,1
DA:42,2
DA:45,0
DA:47,0
DA:48,0
DA:49,0
DA:54,0
DA:55,0
DA:56,0
DA:57,0
DA:61,0
LF:25
LH:8
end_of_record
SF:lib/views/components/light_form.dart
DA:10,0
DA:11,0
DA:15,0
DA:16,0
DA:27,0
DA:29,0
DA:31,0
DA:33,0
DA:34,0
DA:35,0
DA:36,0
DA:39,0
DA:41,0
DA:43,0
DA:44,0
DA:45,0
DA:46,0
DA:47,0
DA:48,0
DA:49,0
DA:50,0
DA:51,0
DA:52,0
DA:57,0
DA:61,0
DA:62,0
DA:64,0
DA:65,0
DA:66,0
DA:67,0
DA:78,0
DA:79,0
DA:81,0
DA:82,0
DA:83,0
DA:84,0
DA:96,0
DA:97,0
DA:100,0
DA:102,0
DA:103,0
DA:105,0
DA:106,0
DA:111,0
DA:112,0
DA:113,0
DA:114,0
DA:115,0
DA:116,0
DA:118,0
DA:119,0
DA:120,0
DA:121,0
DA:122,0
DA:125,0
LF:55
LH:0
end_of_record
SF:lib/views/components/light_list_item.dart
DA:11,0
DA:13,0
DA:14,0
DA:20,0
DA:22,0
DA:24,0
DA:27,0
DA:29,0
DA:33,0
DA:34,0
DA:35,0
DA:36,0
DA:41,0
DA:42,0
DA:43,0
DA:45,0
DA:49,0
DA:50,0
DA:51,0
DA:54,0
DA:60,0
DA:61,0
DA:62,0
DA:63,0
DA:65,0
DA:66,0
DA:67,0
DA:70,0
DA:73,0
DA:74,0
DA:75,0
DA:76,0
DA:77,0
DA:78,0
DA:81,0
DA:82,0
DA:85,0
DA:88,0
DA:89,0
DA:91,0
DA:92,0
DA:93,0
DA:97,0
DA:98,0
DA:100,0
DA:101,0
DA:103,0
DA:104,0
DA:105,0
DA:106,0
DA:107,0
DA:110,0
DA:111,0
DA:112,0
DA:113,0
DA:116,0
DA:117,0
DA:118,0
DA:125,0
DA:126,0
DA:129,0
DA:135,0
DA:136,0
LF:63
LH:0
end_of_record
SF:lib/views/components/settings_form.dart
DA:8,1
DA:9,1
DA:11,1
DA:12,1
DA:21,0
DA:24,0
DA:25,0
DA:26,0
DA:27,0
DA:28,0
DA:34,1
DA:36,1
DA:38,1
DA:39,1
DA:40,1
DA:43,1
DA:45,1
DA:46,1
DA:48,2
DA:49,2
DA:50,2
DA:51,1
DA:53,0
DA:56,1
DA:57,1
DA:58,0
DA:60,0
DA:63,1
DA:78,1
DA:79,1
DA:80,1
DA:81,2
DA:82,1
DA:83,1
DA:84,1
DA:85,1
DA:86,1
DA:87,1
DA:88,1
DA:92,1
DA:96,1
DA:97,1
DA:99,0
DA:100,1
DA:101,0
DA:102,0
DA:114,1
DA:115,1
DA:117,0
DA:118,1
DA:119,0
DA:120,0
DA:133,1
DA:134,1
DA:136,0
DA:137,1
DA:138,0
DA:139,0
DA:153,1
DA:154,1
DA:157,0
DA:158,0
DA:159,0
DA:162,1
DA:163,0
DA:164,0
DA:178,0
DA:179,0
DA:180,0
LF:69
LH:43
end_of_record
